<?xml version="1.0" encoding="UTF-8"?>
<!-- Generated by org.testng.reporters.JUnitXMLReporter -->
<testsuite ignored="0" hostname="Sais-MacBook-Air-2.local" failures="0" tests="4" name="Default test" time="0.028" errors="0" timestamp="2024-03-21T17:25:26 PDT">
  <testcase classname="Streams" name="StreamCollect" time="0.006"/>
  <testcase classname="Streams" name="myMethod" time="0.001"/>
  <testcase classname="Streams" name="steramFilter" time="0.002"/>
  <testcase classname="Streams" name="streamMap" time="0.002"/>
</testsuite> <!-- Default test -->
