<?xml version="1.0" encoding="UTF-8"?>
<!-- Generated by org.testng.reporters.JUnitXMLReporter -->
<testsuite ignored="1" hostname="Sais-MacBook-Air-2.local" failures="0" tests="1" name="Submit Order Test" time="8.791" errors="0" timestamp="2024-04-08T16:21:15 PDT">
  <testcase classname="Kd_Learning.Tests.LoginTest" name="SubmitOrder" time="3.6"/>
  <testcase classname="Kd_Learning.Tests.LoginTest" name="OrderHistroyTest" time="0.0">
    <ignored/>
  </testcase> <!-- OrderHistroyTest -->
</testsuite> <!-- Submit Order Test -->
